<?xml version="1.0" encoding="UTF-8" ?>
<testsuite tests="1" failures="0" name="pl.edu.agh.kis.MainTest" time="0.073" errors="1" skipped="0">
  <properties>
[...]
</properties>
  <testcase classname="pl.edu.agh.kis.MainTest" name="testMain" time="0.073">
    <error type="java.lang.ExceptionInInitializerError">java.lang.ExceptionInInitializerError
	at pl.edu.agh.kis.Main.lambda$static$0(Main.java:27)
	at pl.edu.agh.kis.MainTest.testMain(MainTest.java:19)
	at java.base/jdk.internal.reflect.NativeMethodAccessorImpl.invoke0(Native Method)
	at java.base/jdk.internal.reflect.NativeMethodAccessorImpl.invoke(NativeMethodAccessorImpl.java:77)
	at java.base/jdk.internal.reflect.DelegatingMethodAccessorImpl.invoke(DelegatingMethodAccessorImpl.java:43)
	at java.base/java.lang.reflect.Method.invoke(Method.java:568)
	at junit.framework.TestCase.runTest(TestCase.java:177)
	at junit.framework.TestCase.runBare(TestCase.java:142)
	at junit.framework.TestResult$1.protect(TestResult.java:122)
	at junit.framework.TestResult.runProtected(TestResult.java:142)
	at junit.framework.TestResult.run(TestResult.java:125)
	at junit.framework.TestCase.run(TestCase.java:130)
	at junit.framework.TestSuite.runTest(TestSuite.java:241)
	at junit.framework.TestSuite.run(TestSuite.java:236)
	at org.junit.internal.runners.JUnit38ClassRunner.run(JUnit38ClassRunner.java:90)
	at org.apache.maven.surefire.junit4.JUnit4Provider.execute(JUnit4Provider.java:252)
	at org.apache.maven.surefire.junit4.JUnit4Provider.executeTestSet(JUnit4Provider.java:141)
	at org.apache.maven.surefire.junit4.JUnit4Provider.invoke(JUnit4Provider.java:112)
	at java.base/jdk.internal.reflect.NativeMethodAccessorImpl.invoke0(Native Method)
	at java.base/jdk.internal.reflect.NativeMethodAccessorImpl.invoke(NativeMethodAccessorImpl.java:77)
	at java.base/jdk.internal.reflect.DelegatingMethodAccessorImpl.invoke(DelegatingMethodAccessorImpl.java:43)
	at java.base/java.lang.reflect.Method.invoke(Method.java:568)
	at org.apache.maven.surefire.util.ReflectionUtils.invokeMethodWithArray(ReflectionUtils.java:189)
	at org.apache.maven.surefire.booter.ProviderFactory$ProviderProxy.invoke(ProviderFactory.java:165)
	at org.apache.maven.surefire.booter.ProviderFactory.invokeProvider(ProviderFactory.java:85)
	at org.apache.maven.surefire.booter.ForkedBooter.runSuitesInProcess(ForkedBooter.java:115)
	at org.apache.maven.surefire.booter.ForkedBooter.main(ForkedBooter.java:75)
Caused by: java.lang.RuntimeException: java.io.FileNotFoundException: Main\src\main\config\TranslatorConfig.json (System nie może odnaleźć określonej ścieżki)
	at pl.edu.agh.kis.files.FullFileReader.&lt;init&gt;(FullFileReader.java:14)
	at pl.edu.agh.kis.translations.Translator.&lt;init&gt;(Translator.java:28)
	at pl.edu.agh.kis.translations.Translator.getInstance(Translator.java:40)
	at pl.edu.agh.kis.BashToPowershell.&lt;clinit&gt;(BashToPowershell.java:11)
	... 27 more
Caused by: java.io.FileNotFoundException: Main\src\main\config\TranslatorConfig.json (System nie może odnaleźć określonej ścieżki)
	at java.base/java.io.FileInputStream.open0(Native Method)
	at java.base/java.io.FileInputStream.open(FileInputStream.java:216)
	at java.base/java.io.FileInputStream.&lt;init&gt;(FileInputStream.java:157)
	at java.base/java.io.FileInputStream.&lt;init&gt;(FileInputStream.java:111)
	at java.base/java.io.FileReader.&lt;init&gt;(FileReader.java:60)
	at pl.edu.agh.kis.files.FullFileReader.&lt;init&gt;(FullFileReader.java:12)
	... 30 more
</error>
  </testcase>
</testsuite>